<?xml version="1.0" encoding="UTF-8"?>
<!-- Generated by org.testng.reporters.JUnitReportReporter -->
<testsuite skipped="0" hostname="DESKTOP-SPVLKA9" name="web.services.symetra.tests.HomePageTestTwo" tests="2" failures="0" timestamp="11 Apr 2020 11:41:04 GMT" time="24.482" errors="0">
  <testcase name="testOne" time="14.335" classname="web.services.symetra.tests.HomePageTestTwo"/>
  <testcase name="testTwo" time="10.147" classname="web.services.symetra.tests.HomePageTestTwo"/>
</testsuite> <!-- web.services.symetra.tests.HomePageTestTwo -->
