<?xml version="1.0" encoding="UTF-8"?>
<!-- Generated by org.testng.reporters.JUnitReportReporter -->
<testsuite skipped="0" hostname="DESKTOP-SPVLKA9" name="web.services.symetra.tests.HomePageTest" tests="2" failures="0" timestamp="30 Jun 2020 09:21:57 GMT" time="54.301" errors="0">
  <testcase name="testOne" time="30.787" classname="web.services.symetra.tests.HomePageTest"/>
  <testcase name="testTwo" time="23.514" classname="web.services.symetra.tests.HomePageTest"/>
</testsuite> <!-- web.services.symetra.tests.HomePageTest -->
