<?xml version="1.0" encoding="UTF-8"?>
<!-- Generated by org.testng.reporters.JUnitReportReporter -->
<testsuite skipped="0" hostname="DESKTOP-SPVLKA9" name="web.services.symetra.tests.HomePageTestTwo" tests="2" failures="0" timestamp="09 Jul 2020 15:41:24 GMT" time="27.145" errors="0">
  <testcase name="testOne" time="13.772" classname="web.services.symetra.tests.HomePageTestTwo"/>
  <testcase name="testTwo" time="13.373" classname="web.services.symetra.tests.HomePageTestTwo"/>
</testsuite> <!-- web.services.symetra.tests.HomePageTestTwo -->
