<?xml version="1.0" encoding="UTF-8"?>
<!-- Generated by org.testng.reporters.JUnitReportReporter -->
<testsuite skipped="0" hostname="DESKTOP-SPVLKA9" name="web.services.symetra.tests.HomePageTest" tests="2" failures="0" timestamp="11 Apr 2020 11:41:04 GMT" time="19.152" errors="0">
  <testcase name="testOne" time="10.414" classname="web.services.symetra.tests.HomePageTest"/>
  <testcase name="testTwo" time="8.738" classname="web.services.symetra.tests.HomePageTest"/>
</testsuite> <!-- web.services.symetra.tests.HomePageTest -->
