<?xml version="1.0" encoding="UTF-8"?>
<!-- Generated by org.testng.reporters.JUnitReportReporter -->
<testsuite skipped="0" hostname="DESKTOP-SPVLKA9" name="web.services.symetra.tests.HomePageTestTwo" tests="2" failures="0" timestamp="30 Jun 2020 09:21:57 GMT" time="56.414" errors="0">
  <testcase name="testOne" time="32.867" classname="web.services.symetra.tests.HomePageTestTwo"/>
  <testcase name="testTwo" time="23.547" classname="web.services.symetra.tests.HomePageTestTwo"/>
</testsuite> <!-- web.services.symetra.tests.HomePageTestTwo -->
