<?xml version="1.0" encoding="UTF-8"?>
<!-- Generated by org.testng.reporters.JUnitReportReporter -->
<testsuite skipped="0" hostname="DESKTOP-SPVLKA9" name="web.services.symetra.tests.HomePageTest" tests="2" failures="0" timestamp="09 Jul 2020 15:41:24 GMT" time="31.291" errors="0">
  <testcase name="testOne" time="13.673" classname="web.services.symetra.tests.HomePageTest"/>
  <testcase name="testTwo" time="17.618" classname="web.services.symetra.tests.HomePageTest"/>
</testsuite> <!-- web.services.symetra.tests.HomePageTest -->
